Using pre-set license
Built from '2020.3/staging' branch; Version is '2020.3.26f1 (7298b473bc1a) revision 7510196'; Using compiler version '192528614'; Build Type 'Release'
OS: 'Windows 10  (10.0.17134) 64bit Enterprise' Language: 'en' Physical Memory: 32669 MB
BatchMode: 1, IsHumanControllingUs: 0, StartBugReporterOnCrash: 0, Is64bit: 1, IsPro: 0

COMMAND LINE ARGUMENTS:
D:\Program Files\Unity\2020.3.26f1\Editor\Unity.exe
-adb2
-batchMode
-noUpm
-name
AssetImportWorker0
-projectPath
D:/Students/Jason A/Mission Demolition/Mission-Demolition/Mission_Demolition
-logFile
Logs/AssetImportWorker0.log
-srvPort
55888
Successfully changed project path to: D:/Students/Jason A/Mission Demolition/Mission-Demolition/Mission_Demolition
D:/Students/Jason A/Mission Demolition/Mission-Demolition/Mission_Demolition
Using Asset Import Pipeline V2.
Refreshing native plugins compatible for Editor in 27.93 ms, found 2 plugins.
Preloading 0 native plugins for Editor in 0.00 ms.
Initialize engine version: 2020.3.26f1 (7298b473bc1a)
[Subsystems] Discovering subsystems at path D:/Program Files/Unity/2020.3.26f1/Editor/Data/Resources/UnitySubsystems
[Subsystems] Discovering subsystems at path D:/Students/Jason A/Mission Demolition/Mission-Demolition/Mission_Demolition/Assets
GfxDevice: creating device client; threaded=0
Direct3D:
    Version:  Direct3D 11.0 [level 11.1]
    Renderer: NVIDIA GeForce GTX 1080 (ID=0x1b80)
    Vendor:   
    VRAM:     8079 MB
    Driver:   30.0.15.1123
Initialize mono
Mono path[0] = 'D:/Program Files/Unity/2020.3.26f1/Editor/Data/Managed'
Mono path[1] = 'D:/Program Files/Unity/2020.3.26f1/Editor/Data/MonoBleedingEdge/lib/mono/unityjit'
Mono config path = 'D:/Program Files/Unity/2020.3.26f1/Editor/Data/MonoBleedingEdge/etc'
Using monoOptions --debugger-agent=transport=dt_socket,embedding=1,server=y,suspend=n,address=127.0.0.1:56952
Begin MonoManager ReloadAssembly
Registering precompiled unity dll's ...
Register platform support module: D:/Program Files/Unity/2020.3.26f1/Editor/Data/PlaybackEngines/WebGLSupport/UnityEditor.WebGL.Extensions.dll
Register platform support module: D:/Program Files/Unity/2020.3.26f1/Editor/Data/PlaybackEngines/WindowsStandaloneSupport/UnityEditor.WindowsStandalone.Extensions.dll
Registered in 0.001076 seconds.
Native extension for WindowsStandalone target not found
Native extension for WebGL target not found
Refreshing native plugins compatible for Editor in 25.82 ms, found 2 plugins.
Preloading 0 native plugins for Editor in 0.00 ms.
Mono: successfully reloaded assembly
- Completed reload, in  0.472 seconds
Domain Reload Profiling:
	ReloadAssembly (472ms)
		BeginReloadAssembly (44ms)
			ExecutionOrderSort (0ms)
			DisableScriptedObjects (0ms)
			BackupInstance (0ms)
			ReleaseScriptingObjects (0ms)
			CreateAndSetChildDomain (1ms)
		EndReloadAssembly (372ms)
			LoadAssemblies (43ms)
			RebuildTransferFunctionScriptingTraits (0ms)
			SetupTypeCache (127ms)
			ReleaseScriptCaches (0ms)
			RebuildScriptCaches (26ms)
			SetupLoadedEditorAssemblies (136ms)
				LogAssemblyErrors (0ms)
				InitializePlatformSupportModulesInManaged (3ms)
				SetLoadedEditorAssemblies (0ms)
				RefreshPlugins (26ms)
				BeforeProcessingInitializeOnLoad (14ms)
				ProcessInitializeOnLoadAttributes (69ms)
				ProcessInitializeOnLoadMethodAttributes (24ms)
				AfterProcessingInitializeOnLoad (0ms)
				EditorAssembliesLoaded (0ms)
			ExecutionOrderSort2 (0ms)
			AwakeInstancesAfterBackupRestoration (0ms)
Platform modules already initialized, skipping
Registering precompiled user dll's ...
Registered in 0.003312 seconds.
Begin MonoManager ReloadAssembly
Native extension for WindowsStandalone target not found
Native extension for WebGL target not found
Refreshing native plugins compatible for Editor in 0.29 ms, found 2 plugins.
Preloading 0 native plugins for Editor in 0.00 ms.
Mono: successfully reloaded assembly
- Completed reload, in  0.813 seconds
Domain Reload Profiling:
	ReloadAssembly (814ms)
		BeginReloadAssembly (115ms)
			ExecutionOrderSort (0ms)
			DisableScriptedObjects (4ms)
			BackupInstance (0ms)
			ReleaseScriptingObjects (0ms)
			CreateAndSetChildDomain (16ms)
		EndReloadAssembly (654ms)
			LoadAssemblies (68ms)
			RebuildTransferFunctionScriptingTraits (0ms)
			SetupTypeCache (233ms)
			ReleaseScriptCaches (0ms)
			RebuildScriptCaches (34ms)
			SetupLoadedEditorAssemblies (244ms)
				LogAssemblyErrors (0ms)
				InitializePlatformSupportModulesInManaged (4ms)
				SetLoadedEditorAssemblies (0ms)
				RefreshPlugins (0ms)
				BeforeProcessingInitializeOnLoad (62ms)
				ProcessInitializeOnLoadAttributes (167ms)
				ProcessInitializeOnLoadMethodAttributes (7ms)
				AfterProcessingInitializeOnLoad (3ms)
				EditorAssembliesLoaded (0ms)
			ExecutionOrderSort2 (0ms)
			AwakeInstancesAfterBackupRestoration (5ms)
Platform modules already initialized, skipping
========================================================================
Worker process is ready to serve import requests
Launched and connected shader compiler UnityShaderCompiler.exe after 0.03 seconds
Refreshing native plugins compatible for Editor in 0.28 ms, found 2 plugins.
Preloading 0 native plugins for Editor in 0.00 ms.
Unloading 1503 Unused Serialized files (Serialized files now loaded: 0)
System memory in use before: 68.0 MB.
System memory in use after: 68.1 MB.

Unloading 19 unused Assets to reduce memory usage. Loaded Objects now: 1935.
Total: 3.217634 ms (FindLiveObjects: 0.123733 ms CreateObjectMapping: 0.043520 ms MarkObjects: 2.951963 ms  DeleteObjects: 0.097564 ms)

AssetImportParameters requested are different than current active one (requested -> active):
  custom:framework-win-MediaFoundation: 216162199b28c13a410421893ffa2e32 -> 
  custom:video-decoder-ogg-theora: a1e56fd34408186e4bbccfd4996cb3dc -> 
  custom:container-muxer-webm: aa71ff27fc2769a1b78a27578f13a17b -> 
  custom:container-demuxer-webm: 4f35f7cbe854078d1ac9338744f61a02 -> 
  custom:container-demuxer-ogg: 62fdf1f143b41e24485cea50d1cbac27 -> 
  custom:video-encoder-webm-vp8: eb34c28f22e8b96e1ab97ce403110664 -> 
  custom:video-decoder-webm-vp8: 9c59270c3fd7afecdb556c50c9e8de78 -> 
  custom:audio-decoder-ogg-vorbis: bf7c407c2cedff20999df2af8eb42d56 -> 
  custom:audio-encoder-webm-vorbis: bf7c407c2cedff20999df2af8eb42d56 -> 
========================================================================
Received Import Request.
  path: Assets/Scenes
  artifactKey: Guid(dfbf9a9ec7f4d64459a84af8c1cf85ed) Importer(815301076,1909f56bfc062723c751e8b465ee728b)
Start importing Assets/Scenes using Guid(dfbf9a9ec7f4d64459a84af8c1cf85ed) Importer(815301076,1909f56bfc062723c751e8b465ee728b)  -> (artifact id: '96256bfe503bb646e073d6825ee4229c') in 0.008595 seconds 
  Import took 0.011444 seconds .

========================================================================
Received Import Request.
  Time since last request: 12.636497 seconds.
  path: Assets/Scenes/_Scene_0.unity
  artifactKey: Guid(b52c559ed5cb8234680430d73cc9a1cc) Importer(815301076,1909f56bfc062723c751e8b465ee728b)
Start importing Assets/Scenes/_Scene_0.unity using Guid(b52c559ed5cb8234680430d73cc9a1cc) Importer(815301076,1909f56bfc062723c751e8b465ee728b)  -> (artifact id: '31971fdba037c0a5722b511aed5dda4f') in 0.015921 seconds 
  Import took 0.017917 seconds .

========================================================================
Received Import Request.
  Time since last request: 91.008081 seconds.
  path: Assets
  artifactKey: Guid(00000000000000001000000000000000) Importer(815301076,1909f56bfc062723c751e8b465ee728b)
Start importing Assets using Guid(00000000000000001000000000000000) Importer(815301076,1909f56bfc062723c751e8b465ee728b)  -> (artifact id: '42d402b061de3733987d63b9cc3b64de') in 0.008301 seconds 
  Import took 0.010666 seconds .

========================================================================
Received Import Request.
  Time since last request: 5.243043 seconds.
  path: Assets/Materials
  artifactKey: Guid(4912cb1b26e66324aa56fdbcc75d20a9) Importer(815301076,1909f56bfc062723c751e8b465ee728b)
Start importing Assets/Materials using Guid(4912cb1b26e66324aa56fdbcc75d20a9) Importer(815301076,1909f56bfc062723c751e8b465ee728b)  -> (artifact id: '1761eec06dd9ac28b4e10024f9cfad3d') in 0.010851 seconds 
  Import took 0.013335 seconds .

========================================================================
Received Import Request.
  Time since last request: 14.169737 seconds.
  path: Assets/Materials/Mat_Ground.mat
  artifactKey: Guid(49f7f6bbc59d61349b6d7c5eb28efa93) Importer(815301076,1909f56bfc062723c751e8b465ee728b)
Start importing Assets/Materials/Mat_Ground.mat using Guid(49f7f6bbc59d61349b6d7c5eb28efa93) Importer(815301076,1909f56bfc062723c751e8b465ee728b)  -> (artifact id: '1b6c04a401db6fb6d36a65e82efcba50') in 0.109235 seconds 
  Import took 0.111589 seconds .

========================================================================
Received Import Request.
  Time since last request: 86.765560 seconds.
  path: Assets/Materials/Mat_Ground.mat
  artifactKey: Guid(49f7f6bbc59d61349b6d7c5eb28efa93) Importer(815301076,1909f56bfc062723c751e8b465ee728b)
Start importing Assets/Materials/Mat_Ground.mat using Guid(49f7f6bbc59d61349b6d7c5eb28efa93) Importer(815301076,1909f56bfc062723c751e8b465ee728b)  -> (artifact id: '71a210aea9072b68f67fe1a6a71bed6f') in 0.014484 seconds 
  Import took 0.017127 seconds .

========================================================================
Received Import Request.
  Time since last request: 274.271697 seconds.
  path: Assets/Materials/Mat_Slingshot.mat
  artifactKey: Guid(2a7d73bd3ed8c7e49a2907ddce9975eb) Importer(815301076,1909f56bfc062723c751e8b465ee728b)
Start importing Assets/Materials/Mat_Slingshot.mat using Guid(2a7d73bd3ed8c7e49a2907ddce9975eb) Importer(815301076,1909f56bfc062723c751e8b465ee728b)  -> (artifact id: '9b5b7b0bf4de2f5da13d867b8a6df4ea') in 0.021606 seconds 
  Import took 0.024601 seconds .

========================================================================
Received Import Request.
  Time since last request: 88.760978 seconds.
  path: Assets/Materials/Mat_Slingshot.mat
  artifactKey: Guid(2a7d73bd3ed8c7e49a2907ddce9975eb) Importer(815301076,1909f56bfc062723c751e8b465ee728b)
Start importing Assets/Materials/Mat_Slingshot.mat using Guid(2a7d73bd3ed8c7e49a2907ddce9975eb) Importer(815301076,1909f56bfc062723c751e8b465ee728b)  -> (artifact id: 'b3616d8656b357e79ee13f0b48eb0988') in 0.016142 seconds 
  Import took 0.018904 seconds .

========================================================================
Received Import Request.
  Time since last request: 209.683658 seconds.
  path: Assets/Materials/Mat_Projectile.mat
  artifactKey: Guid(73c2614cd73f5ec449f332c8655e4e9e) Importer(815301076,1909f56bfc062723c751e8b465ee728b)
Start importing Assets/Materials/Mat_Projectile.mat using Guid(73c2614cd73f5ec449f332c8655e4e9e) Importer(815301076,1909f56bfc062723c751e8b465ee728b)  -> (artifact id: '65b12ff702b0f2e45b5c0fa9d94ea3fc') in 0.018446 seconds 
  Import took 0.021021 seconds .

========================================================================
Received Import Request.
  Time since last request: 28.292200 seconds.
  path: Assets/Materials/Mat_Projectile.mat
  artifactKey: Guid(73c2614cd73f5ec449f332c8655e4e9e) Importer(815301076,1909f56bfc062723c751e8b465ee728b)
Start importing Assets/Materials/Mat_Projectile.mat using Guid(73c2614cd73f5ec449f332c8655e4e9e) Importer(815301076,1909f56bfc062723c751e8b465ee728b)  -> (artifact id: '4fa6321a07d5bbb2ef6718b6b8586ab0') in 0.014559 seconds 
  Import took 0.016976 seconds .

========================================================================
Received Import Request.
  Time since last request: 48.383666 seconds.
  path: Assets/Prefabs
  artifactKey: Guid(a8596fdbf16a46c418e7d5d8098ab7e1) Importer(815301076,1909f56bfc062723c751e8b465ee728b)
Start importing Assets/Prefabs using Guid(a8596fdbf16a46c418e7d5d8098ab7e1) Importer(815301076,1909f56bfc062723c751e8b465ee728b)  -> (artifact id: 'f7a4d85cc74e2d43e8cc1b2c8d80b536') in 0.008080 seconds 
  Import took 0.010236 seconds .

========================================================================
Received Import Request.
  Time since last request: 2.823420 seconds.
  path: Assets/Prefabs/Projectile.prefab
  artifactKey: Guid(cd90e9e50a4fb1d439e22177cb774eee) Importer(815301076,1909f56bfc062723c751e8b465ee728b)
Start importing Assets/Prefabs/Projectile.prefab using Guid(cd90e9e50a4fb1d439e22177cb774eee) Importer(815301076,1909f56bfc062723c751e8b465ee728b)  -> (artifact id: 'bf94e6c1935131d1659bc6a01baa7f61') in 0.024256 seconds 
  Import took 0.026745 seconds .

AssetImportWorkerClient::OnTransportError - code=2 error=End of file
